<?xml version="1.0" encoding="UTF-8"?>
<!-- Generated by org.testng.reporters.JUnitXMLReporter -->
<testsuite hostname="user" ignored="5" tests="0" failures="0" timestamp="2021-08-03T18:26:59 IST" time="0.002" errors="0">
  <testcase name="editcaseComponent" time="0.0" classname="fedcap.Adminrelatedlistlayout">
    <ignored/>
  </testcase> <!-- editcaseComponent -->
  <testcase name="newrecordandexporttoCasecomponent" time="0.0" classname="fedcap.Adminrelatedlistlayout">
    <ignored/>
  </testcase> <!-- newrecordandexporttoCasecomponent -->
  <testcase name="deletecaseComponent" time="0.0" classname="fedcap.Adminrelatedlistlayout">
    <ignored/>
  </testcase> <!-- deletecaseComponent -->
  <testcase name="addcaseComponent" time="0.0" classname="fedcap.Adminrelatedlistlayout">
    <ignored/>
  </testcase> <!-- addcaseComponent -->
  <testcase name="adddeleterecordtoCasecomponent" time="0.0" classname="fedcap.Adminrelatedlistlayout">
    <ignored/>
  </testcase> <!-- adddeleterecordtoCasecomponent -->
</testsuite>
