<?xml version="1.0" encoding="UTF-8"?>
<!-- Generated by org.testng.reporters.JUnitXMLReporter -->
<testsuite hostname="user" ignored="6" tests="0" failures="0" timestamp="2021-07-23T13:58:51 IST" time="0.002" errors="0">
  <testcase name="cloneSection" time="0.0" classname="fedcap.Contractcreatewizard">
    <ignored/>
  </testcase> <!-- cloneSection -->
  <testcase name="deleteSectionandfield" time="0.0" classname="fedcap.Contractcreatewizard">
    <ignored/>
  </testcase> <!-- deleteSectionandfield -->
  <testcase name="editSectionandfield" time="0.0" classname="fedcap.Contractcreatewizard">
    <ignored/>
  </testcase> <!-- editSectionandfield -->
  <testcase name="addSectionandfield" time="0.0" classname="fedcap.Contractcreatewizard">
    <ignored/>
  </testcase> <!-- addSectionandfield -->
  <testcase name="rearrageneSections" time="0.0" classname="fedcap.Contractcreatewizard">
    <ignored/>
  </testcase> <!-- rearrageneSections -->
  <testcase name="rearrageneFields" time="0.0" classname="fedcap.Contractcreatewizard">
    <ignored/>
  </testcase> <!-- rearrageneFields -->
</testsuite>
