<?xml version="1.0" encoding="UTF-8"?>
<!-- Generated by org.testng.reporters.JUnitXMLReporter -->
<testsuite hostname="user" ignored="3" tests="0" failures="0" timestamp="2021-07-23T13:58:51 IST" time="0.003" errors="0">
  <testcase name="addFields" time="0.0" classname="fedcap.Customizeopplayout">
    <ignored/>
  </testcase> <!-- addFields -->
  <testcase name="deleteFields" time="0.0" classname="fedcap.Customizeopplayout">
    <ignored/>
  </testcase> <!-- deleteFields -->
  <testcase name="editFields" time="0.0" classname="fedcap.Customizeopplayout">
    <ignored/>
  </testcase> <!-- editFields -->
</testsuite>
