<?xml version="1.0" encoding="UTF-8"?>
<!-- Generated by org.testng.reporters.JUnitXMLReporter -->
<testsuite hostname="user" ignored="0" name="opp ligthing page test cases" tests="5" failures="0" timestamp="2021-08-03T18:26:59 IST" time="690.197" errors="0">
  <testcase name="CreateNewOpportunity" time="146.45" classname="fedcap.Opportunitylighting"/>
  <testcase name="editOpportunitybypencilicon" time="163.212" classname="fedcap.Opportunitylighting"/>
  <testcase name="editOpportunitybyeditbutton" time="123.165" classname="fedcap.Opportunitylighting"/>
  <testcase name="cloneOpportunity" time="115.531" classname="fedcap.Opportunitylighting"/>
  <testcase name="changeownerOpportunity" time="141.448" classname="fedcap.Opportunitylighting"/>
</testsuite> <!-- opp ligthing page test cases -->
