<?xml version="1.0" encoding="UTF-8"?>
<!-- Generated by org.testng.reporters.JUnitXMLReporter -->
<testsuite hostname="user" ignored="4" tests="0" failures="0" timestamp="2021-08-03T18:26:59 IST" time="0.001" errors="0">
  <testcase name="Pwinquestion" time="0.0" classname="fedcap.Pwin">
    <ignored/>
  </testcase> <!-- Pwinquestion -->
  <testcase name="deleteQuestionsandtheiroptions" time="0.0" classname="fedcap.Pwin">
    <ignored/>
  </testcase> <!-- deleteQuestionsandtheiroptions -->
  <testcase name="AddiingQuestions" time="0.0" classname="fedcap.Pwin">
    <ignored/>
  </testcase> <!-- AddiingQuestions -->
  <testcase name="cloneQuestion" time="0.0" classname="fedcap.Pwin">
    <ignored/>
  </testcase> <!-- cloneQuestion -->
</testsuite>
