<?xml version="1.0" encoding="UTF-8"?>
<!-- Generated by org.testng.reporters.JUnitXMLReporter -->
<testsuite hostname="user" ignored="9" tests="0" failures="0" timestamp="2021-07-26T19:19:54 IST" time="0.0" errors="0">
  <testcase name="addNotestocontactcard" time="0.0" classname="fedcap.Acoountrelationshipmapper">
    <ignored/>
  </testcase> <!-- addNotestocontactcard -->
  <testcase name="addAccount" time="0.0" classname="fedcap.Acoountrelationshipmapper">
    <ignored/>
  </testcase> <!-- addAccount -->
  <testcase name="editRelationshipinformationofcontactcard" time="0.0" classname="fedcap.Acoountrelationshipmapper">
    <ignored/>
  </testcase> <!-- editRelationshipinformationofcontactcard -->
  <testcase name="addsubContact" time="0.0" classname="fedcap.Acoountrelationshipmapper">
    <ignored/>
  </testcase> <!-- addsubContact -->
  <testcase name="zoominoutcollapseexpandrefreshprintofcontactcard" time="0.0" classname="fedcap.Acoountrelationshipmapper">
    <ignored/>
  </testcase> <!-- zoominoutcollapseexpandrefreshprintofcontactcard -->
  <testcase name="sendMailfromcontactcard" time="0.0" classname="fedcap.Acoountrelationshipmapper">
    <ignored/>
  </testcase> <!-- sendMailfromcontactcard -->
  <testcase name="addContacttoaccount" time="0.0" classname="fedcap.Acoountrelationshipmapper">
    <ignored/>
  </testcase> <!-- addContacttoaccount -->
  <testcase name="addTasktocontactcard" time="0.0" classname="fedcap.Acoountrelationshipmapper">
    <ignored/>
  </testcase> <!-- addTasktocontactcard -->
  <testcase name="fullViewofcontactcard" time="0.0" classname="fedcap.Acoountrelationshipmapper">
    <ignored/>
  </testcase> <!-- fullViewofcontactcard -->
</testsuite>
