<?xml version="1.0" encoding="UTF-8"?>
<!-- Generated by org.testng.reporters.JUnitXMLReporter -->
<testsuite hostname="user" ignored="3" tests="0" failures="0" timestamp="2021-07-29T18:42:16 IST" time="0.001" errors="0">
  <testcase name="getOpprautopopulate" time="0.0" classname="fedcap.Autopopulate">
    <ignored/>
  </testcase> <!-- getOpprautopopulate -->
  <testcase name="getContactsautopopulate" time="0.0" classname="fedcap.Autopopulate">
    <ignored/>
  </testcase> <!-- getContactsautopopulate -->
  <testcase name="getAccountautopopulate" time="0.0" classname="fedcap.Autopopulate">
    <ignored/>
  </testcase> <!-- getAccountautopopulate -->
</testsuite>
