<?xml version="1.0" encoding="UTF-8"?>
<!-- Generated by org.testng.reporters.JUnitXMLReporter -->
<testsuite hostname="user" ignored="5" tests="0" failures="0" timestamp="2021-07-29T18:42:14 IST" time="0.0" errors="0">
  <testcase name="changeownerOpportunity" time="0.0" classname="fedcap.Opportunitylighting">
    <ignored/>
  </testcase> <!-- changeownerOpportunity -->
  <testcase name="CreateNewOpportunity" time="0.0" classname="fedcap.Opportunitylighting">
    <ignored/>
  </testcase> <!-- CreateNewOpportunity -->
  <testcase name="cloneOpportunity" time="0.0" classname="fedcap.Opportunitylighting">
    <ignored/>
  </testcase> <!-- cloneOpportunity -->
  <testcase name="editOpportunitybypencilicon" time="0.0" classname="fedcap.Opportunitylighting">
    <ignored/>
  </testcase> <!-- editOpportunitybypencilicon -->
  <testcase name="editOpportunitybyeditbutton" time="0.0" classname="fedcap.Opportunitylighting">
    <ignored/>
  </testcase> <!-- editOpportunitybyeditbutton -->
</testsuite>
