<?xml version="1.0" encoding="UTF-8"?>
<!-- Generated by org.testng.reporters.JUnitXMLReporter -->
<testsuite hostname="user" ignored="10" tests="0" failures="0" timestamp="2021-07-26T19:19:54 IST" time="0.0" errors="0">
  <testcase name="editRelationshipinformationofcontactcard" time="0.0" classname="fedcap.Relationshipmapper">
    <ignored/>
  </testcase> <!-- editRelationshipinformationofcontactcard -->
  <testcase name="zoominoutcollapseexpandrefreshprintofcontactcard" time="0.0" classname="fedcap.Relationshipmapper">
    <ignored/>
  </testcase> <!-- zoominoutcollapseexpandrefreshprintofcontactcard -->
  <testcase name="addNotestocontactcard" time="0.0" classname="fedcap.Relationshipmapper">
    <ignored/>
  </testcase> <!-- addNotestocontactcard -->
  <testcase name="addContact" time="0.0" classname="fedcap.Relationshipmapper">
    <ignored/>
  </testcase> <!-- addContact -->
  <testcase name="editcontactRoleofcontactcard" time="0.0" classname="fedcap.Relationshipmapper">
    <ignored/>
  </testcase> <!-- editcontactRoleofcontactcard -->
  <testcase name="addTasktocontactcard" time="0.0" classname="fedcap.Relationshipmapper">
    <ignored/>
  </testcase> <!-- addTasktocontactcard -->
  <testcase name="addContanttooppr" time="0.0" classname="fedcap.Relationshipmapper">
    <ignored/>
  </testcase> <!-- addContanttooppr -->
  <testcase name="fullViewofcontactcard" time="0.0" classname="fedcap.Relationshipmapper">
    <ignored/>
  </testcase> <!-- fullViewofcontactcard -->
  <testcase name="addsubContact" time="0.0" classname="fedcap.Relationshipmapper">
    <ignored/>
  </testcase> <!-- addsubContact -->
  <testcase name="sendMailfromcontactcard" time="0.0" classname="fedcap.Relationshipmapper">
    <ignored/>
  </testcase> <!-- sendMailfromcontactcard -->
</testsuite>
