<?xml version="1.0" encoding="UTF-8"?>
<!-- Generated by org.testng.reporters.JUnitXMLReporter -->
<testsuite hostname="user" ignored="10" tests="0" failures="0" timestamp="2021-07-29T18:42:15 IST" time="0.003" errors="0">
  <testcase name="rsAddlab" time="0.0" classname="fedcap.Resourcebudget">
    <ignored/>
  </testcase> <!-- rsAddlab -->
  <testcase name="rsAddemp" time="0.0" classname="fedcap.Resourcebudget">
    <ignored/>
  </testcase> <!-- rsAddemp -->
  <testcase name="rsAddlabempnotime" time="0.0" classname="fedcap.Resourcebudget">
    <ignored/>
  </testcase> <!-- rsAddlabempnotime -->
  <testcase name="rsAddexpense" time="0.0" classname="fedcap.Resourcebudget">
    <ignored/>
  </testcase> <!-- rsAddexpense -->
  <testcase name="rsAddlabempwithmoretime" time="0.0" classname="fedcap.Resourcebudget">
    <ignored/>
  </testcase> <!-- rsAddlabempwithmoretime -->
  <testcase name="rsCostHourScheduledHours" time="0.0" classname="fedcap.Resourcebudget">
    <ignored/>
  </testcase> <!-- rsCostHourScheduledHours -->
  <testcase name="rsAdddeletelabemp" time="0.0" classname="fedcap.Resourcebudget">
    <ignored/>
  </testcase> <!-- rsAdddeletelabemp -->
  <testcase name="CreateNewEmployee" time="0.0" classname="fedcap.Resourcebudget">
    <ignored/>
  </testcase> <!-- CreateNewEmployee -->
  <testcase name="rsDisplayunit" time="0.0" classname="fedcap.Resourcebudget">
    <ignored/>
  </testcase> <!-- rsDisplayunit -->
  <testcase name="rsStartenddatemorethan60days" time="0.0" classname="fedcap.Resourcebudget">
    <ignored/>
  </testcase> <!-- rsStartenddatemorethan60days -->
</testsuite>
