<?xml version="1.0" encoding="UTF-8"?>
<!-- Generated by org.testng.reporters.JUnitXMLReporter -->
<testsuite hostname="user" ignored="10" tests="0" failures="0" timestamp="2021-07-29T18:42:15 IST" time="0.001" errors="0">
  <testcase name="OverdueWinnabilityItems" time="0.0" classname="fedcap.Strategicsellingscorecardadmin">
    <ignored/>
  </testcase> <!-- OverdueWinnabilityItems -->
  <testcase name="editStageseditpage" time="0.0" classname="fedcap.Strategicsellingscorecardadmin">
    <ignored/>
  </testcase> <!-- editStageseditpage -->
  <testcase name="getCurrentstatus" time="0.0" classname="fedcap.Strategicsellingscorecardadmin">
    <ignored/>
  </testcase> <!-- getCurrentstatus -->
  <testcase name="selectStagestandardlevel" time="0.0" classname="fedcap.Strategicsellingscorecardadmin">
    <ignored/>
  </testcase> <!-- selectStagestandardlevel -->
  <testcase name="getPrintpreview" time="0.0" classname="fedcap.Strategicsellingscorecardadmin">
    <ignored/>
  </testcase> <!-- getPrintpreview -->
  <testcase name="RecentStagequestionselect" time="0.0" classname="fedcap.Strategicsellingscorecardadmin">
    <ignored/>
  </testcase> <!-- RecentStagequestionselect -->
  <testcase name="getStagenameanswer" time="0.0" classname="fedcap.Strategicsellingscorecardadmin">
    <ignored/>
  </testcase> <!-- getStagenameanswer -->
  <testcase name="editStagesdetailpage" time="0.0" classname="fedcap.Strategicsellingscorecardadmin">
    <ignored/>
  </testcase> <!-- editStagesdetailpage -->
  <testcase name="addQuestions" time="0.0" classname="fedcap.Strategicsellingscorecardadmin">
    <ignored/>
  </testcase> <!-- addQuestions -->
  <testcase name="getStagprint" time="0.0" classname="fedcap.Strategicsellingscorecardadmin">
    <ignored/>
  </testcase> <!-- getStagprint -->
</testsuite>
